<?xml version="1.0" encoding="UTF-8"?>
<!-- Generated by org.testng.reporters.JUnitReportReporter -->
<testsuite hostname="NBI668018" failures="0" tests="3" name="runner.Login" time="27.383" errors="0" timestamp="2021-04-23T23:58:10 ART" skipped="0">
  <testcase classname="runner.Login" name="tc2" time="8.548"/>
  <system-out/>
  <testcase classname="runner.Login" name="tc2" time="11.156"/>
  <system-out/>
  <testcase classname="runner.Login" name="tc2" time="7.679"/>
  <system-out/>
</testsuite> <!-- runner.Login -->
